[debug] [2026-02-08T21:20:11.124Z] ----------------------------------------------------------------------
[debug] [2026-02-08T21:20:11.127Z] Command:       C:\Program Files\nodejs\node.exe C:\Users\lcoui\AppData\Roaming\npm\node_modules\firebase-tools\lib\bin\firebase.js deploy --only hosting
[debug] [2026-02-08T21:20:11.127Z] CLI Version:   15.5.1
[debug] [2026-02-08T21:20:11.127Z] Platform:      win32
[debug] [2026-02-08T21:20:11.127Z] Node Version:  v20.12.2
[debug] [2026-02-08T21:20:11.127Z] Time:          Sun Feb 08 2026 22:20:11 GMT+0100 (heure normale d’Europe centrale)
[debug] [2026-02-08T21:20:11.127Z] ----------------------------------------------------------------------
[debug] 
[debug] [2026-02-08T21:20:13.276Z] > command requires scopes: ["email","openid","https://www.googleapis.com/auth/cloudplatformprojects.readonly","https://www.googleapis.com/auth/firebase","https://www.googleapis.com/auth/cloud-platform"]
[debug] [2026-02-08T21:20:13.278Z] > authorizing via signed-in user (lcouillard.pro@gmail.com)
[debug] [2026-02-08T21:20:13.278Z] [iam] checking project studiovert-site for permissions ["firebase.projects.get","firebasehosting.sites.update"]
[debug] [2026-02-08T21:20:13.280Z] Checked if tokens are valid: true, expires at: 1770588403427
[debug] [2026-02-08T21:20:13.280Z] Checked if tokens are valid: true, expires at: 1770588403427
[debug] [2026-02-08T21:20:13.281Z] >>> [apiv2][query] POST https://cloudresourcemanager.googleapis.com/v1/projects/studiovert-site:testIamPermissions [none]
[debug] [2026-02-08T21:20:13.282Z] >>> [apiv2][(partial)header] POST https://cloudresourcemanager.googleapis.com/v1/projects/studiovert-site:testIamPermissions  x-goog-user-project=studiovert-site
[debug] [2026-02-08T21:20:13.282Z] >>> [apiv2][body] POST https://cloudresourcemanager.googleapis.com/v1/projects/studiovert-site:testIamPermissions {"permissions":["firebase.projects.get","firebasehosting.sites.update"]}
[debug] [2026-02-08T21:20:13.954Z] <<< [apiv2][status] POST https://cloudresourcemanager.googleapis.com/v1/projects/studiovert-site:testIamPermissions 200
[debug] [2026-02-08T21:20:13.954Z] <<< [apiv2][body] POST https://cloudresourcemanager.googleapis.com/v1/projects/studiovert-site:testIamPermissions {"permissions":["firebase.projects.get","firebasehosting.sites.update"]}
[debug] [2026-02-08T21:20:13.955Z] Checked if tokens are valid: true, expires at: 1770588403427
[debug] [2026-02-08T21:20:13.955Z] Checked if tokens are valid: true, expires at: 1770588403427
[debug] [2026-02-08T21:20:13.956Z] >>> [apiv2][query] GET https://firebase.googleapis.com/v1beta1/projects/studiovert-site [none]
[debug] [2026-02-08T21:20:14.207Z] <<< [apiv2][status] GET https://firebase.googleapis.com/v1beta1/projects/studiovert-site 200
[debug] [2026-02-08T21:20:14.207Z] <<< [apiv2][body] GET https://firebase.googleapis.com/v1beta1/projects/studiovert-site {"projectId":"studiovert-site","projectNumber":"923069781119","displayName":"Studiovert-site","name":"projects/studiovert-site","resources":{"hostingSite":"studiovert-site"},"state":"ACTIVE","etag":"1_7fb9dfd6-75b5-49dc-8848-97e3b963f737"}
[info] 
[info] === Deploying to 'studiovert-site'...
[info] 
[info] i  deploying hosting 
[debug] [2026-02-08T21:20:14.213Z] Checked if tokens are valid: true, expires at: 1770588403427
[debug] [2026-02-08T21:20:14.213Z] Checked if tokens are valid: true, expires at: 1770588403427
[debug] [2026-02-08T21:20:14.214Z] >>> [apiv2][query] POST https://firebasehosting.googleapis.com/v1beta1/projects/-/sites/studiovert-site/versions [none]
[debug] [2026-02-08T21:20:14.214Z] >>> [apiv2][body] POST https://firebasehosting.googleapis.com/v1beta1/projects/-/sites/studiovert-site/versions {"status":"CREATED","labels":{"deployment-tool":"cli-firebase"}}
[debug] [2026-02-08T21:20:15.484Z] <<< [apiv2][status] POST https://firebasehosting.googleapis.com/v1beta1/projects/-/sites/studiovert-site/versions 200
[debug] [2026-02-08T21:20:15.485Z] <<< [apiv2][body] POST https://firebasehosting.googleapis.com/v1beta1/projects/-/sites/studiovert-site/versions {"name":"projects/923069781119/sites/studiovert-site/versions/c93e10166bf94686","status":"CREATED","config":{},"labels":{"deployment-tool":"cli-firebase"}}
[info] i  hosting[studiovert-site]: beginning deploy... 
[info] i  hosting[studiovert-site]: found 28 files in dist/angular-project/browser 
[debug] [2026-02-08T21:20:15.504Z] [hosting] uploading with 200 concurrency
[debug] [2026-02-08T21:20:15.565Z] Checked if tokens are valid: true, expires at: 1770588403427
[debug] [2026-02-08T21:20:15.565Z] Checked if tokens are valid: true, expires at: 1770588403427
[debug] [2026-02-08T21:20:15.567Z] [hosting] hash cache [ZGlzdFxhbmd1bGFyLXByb2plY3RcYnJvd3Nlcg] stored for 28 files
[debug] [2026-02-08T21:20:15.568Z] [hosting][hash queue][FINAL] {"max":51,"min":0,"avg":4.928571428571429,"active":0,"complete":28,"success":28,"errored":0,"retried":0,"total":28,"elapsed":59}
[debug] [2026-02-08T21:20:15.568Z] >>> [apiv2][query] POST https://firebasehosting.googleapis.com/v1beta1/projects/923069781119/sites/studiovert-site/versions/c93e10166bf94686:populateFiles [none]
[debug] [2026-02-08T21:20:15.568Z] >>> [apiv2][body] POST https://firebasehosting.googleapis.com/v1beta1/projects/923069781119/sites/studiovert-site/versions/c93e10166bf94686:populateFiles {"files":{"/favicon.ico":"a905b13e228420df3dbe746dfb656d37a49736494c0737d00e007c8dc7319912","/assets/slick.min.css":"136c0ca9a2d4c946037babfe929dcc0b921676a46172ee8a3a07ee409582c34e","/assets/google-reviews.json":"ee73533eed9e6ae493c91a2792b33a93cba5f1ede90a4f4f760191df23ff652b","/assets/photos/wooden-house-grassy-field-surrounded-by-plants-flowers.jpg":"8a2b0dd70bd10a29e20336eab75a1456b6d0a5ff8fdbb990b5447a7677db1bd7","/assets/photos/WhatsApp Image 2026-02-07 at 17.12.35.jpeg":"346b55b1478267f7d5fc011a31b89493e5bca86136b927ff2cfd6432c1576829","/assets/photos/WhatsApp Image 2026-02-07 at 17.12.35 (1).jpeg":"2f359c0eea5bf66d27af682b5ae6716133ce2e85882920058e7b8d5a5a2e19ee","/assets/photos/WhatsApp Image 2026-02-07 at 17.12.34.jpeg":"63a4a437d04f0a2065f538b4f07549b20d64ff32f279f0a12b5ebb6d56aa4a8e","/assets/photos/WhatsApp Image 2026-02-07 at 17.12.34 (6).jpeg":"ef4b3ba17c2fededd8a1cbd4a1076ce9939f2b8d22c8237b9be3949ad47ea9da","/assets/photos/WhatsApp Image 2026-02-07 at 17.12.34 (5).jpeg":"33a7ce2361017f1d61e0e315e360fa289611ca5881960f129cfc36515cc989f1","/assets/photos/WhatsApp Image 2026-02-07 at 17.12.34 (4).jpeg":"e306e3a937b5e7b044d3ebe6661627608e5d1c61265b0fb066cd6a11d05ed85b","/assets/photos/WhatsApp Image 2026-02-07 at 17.12.34 (3).jpeg":"d425cc275c46b6a318c3d389a7ee9dd4360148d0b9ca6e490f234c9bc85e7463","/assets/photos/WhatsApp Image 2026-02-07 at 17.12.34 (2).jpeg":"3cae871ea2dad26b1603849a1e8794d39882e98ba78e54fc63471e5aa642aed1","/assets/photos/WhatsApp Image 2026-02-07 at 17.12.34 (1).jpeg":"a9a6113db5e3507f3ecbf21f58761c4545de6e454aa0097fa80090b2ea7e2f6c","/assets/photos/WhatsApp Image 2026-02-07 at 17.12.33.jpeg":"c5fe5f6fafa92f7c6bff0a93f46905778f89d33596a41f469eea5f447944667e","/assets/photos/WhatsApp Image 2026-02-07 at 17.12.33 (3).jpeg":"b69cebe70972d9fc41a9bbb411661179cc81536ab9d86f04c1b31e44d44301fa","/assets/photos/WhatsApp Image 2026-02-07 at 17.12.33 (2).jpeg":"53f2bb53fdf70c89503a8ed947cf83d63ef5f82c3dd9fa8cd1588629b662889a","/assets/photos/WhatsApp Image 2026-02-07 at 17.12.33 (1).jpeg":"f0cc1582ebb4cef7440e75089111a256f37918f4b959b68f997f82514ca8ecdb","/assets/photos/WhatsApp Image 2026-02-07 at 17.12.12.jpeg":"39daa1601a310a8b18bf3d9c966480882d2929d304b903842b532dcfd7cda355","/assets/photos/WhatsApp Image 2026-02-07 at 17.12.12 (1).jpeg":"70a281eb2a5c682305c136fcdc88df13abc6acc64bc5e72c682361171e3b8712","/assets/photos/WhatsApp Image 2026-02-07 at 17.11.58.jpeg":"0972a079ad87418b8ed66ab4e01da59cd8e61ee4a2f85c73e7dfd614abef289d","/assets/photos/LandingPage2.jpg":"f0c2931c9a28dcd21e0242407026a2e7d50ce950738e2fb9f152f5247ee868b7","/assets/logos/damien paysage.pdf":"9089480808cd9e9fa245d70b1a2153ce02cb9efca3e1af7957389b2b5f30622e","/polyfills-FFHMD2TL.js":"736494ba509ebe13a13ff57f0d4921ecfd9eb2ac4e8efe5d5fc1704b4b1d9b35","/index.html":"c1aad92a4c187a7d749380bbe538e87a8633d78ee73454181a569c049ad1c293","/styles-KVKT5E7F.css":"d8fb3391238ab5ed3769cc109591087e8568f1b807cde1a9188b82cb0721cd2f","/main-JHSAWFMC.js":"d07f1265ca124c583cc5df1eea0d6baf703789e286bd19fcc9d12c0f0c6fec84","/scripts-TRB5ISNP.js":"56945cd7ecaf78757ba798dcecdec833a8f1369535f155d2e60939d5617abf59","/media/LandingPage2-Z2NYFIBP.jpg":"f0c2931c9a28dcd21e0242407026a2e7d50ce950738e2fb9f152f5247ee868b7"}}
[debug] [2026-02-08T21:20:16.118Z] <<< [apiv2][status] POST https://firebasehosting.googleapis.com/v1beta1/projects/923069781119/sites/studiovert-site/versions/c93e10166bf94686:populateFiles 200
[debug] [2026-02-08T21:20:16.118Z] <<< [apiv2][body] POST https://firebasehosting.googleapis.com/v1beta1/projects/923069781119/sites/studiovert-site/versions/c93e10166bf94686:populateFiles {"uploadRequiredHashes":["d07f1265ca124c583cc5df1eea0d6baf703789e286bd19fcc9d12c0f0c6fec84","d8fb3391238ab5ed3769cc109591087e8568f1b807cde1a9188b82cb0721cd2f","c1aad92a4c187a7d749380bbe538e87a8633d78ee73454181a569c049ad1c293"],"uploadUrl":"https://upload-firebasehosting.googleapis.com/upload/sites/studiovert-site/versions/c93e10166bf94686/files"}
[debug] [2026-02-08T21:20:16.120Z] Checked if tokens are valid: true, expires at: 1770588403427
[debug] [2026-02-08T21:20:16.121Z] Checked if tokens are valid: true, expires at: 1770588403427
[debug] [2026-02-08T21:20:16.122Z] Checked if tokens are valid: true, expires at: 1770588403427
[debug] [2026-02-08T21:20:16.122Z] Checked if tokens are valid: true, expires at: 1770588403427
[debug] [2026-02-08T21:20:16.122Z] Checked if tokens are valid: true, expires at: 1770588403427
[debug] [2026-02-08T21:20:16.123Z] Checked if tokens are valid: true, expires at: 1770588403427
[debug] [2026-02-08T21:20:16.123Z] >>> [apiv2][query] POST https://upload-firebasehosting.googleapis.com/upload/sites/studiovert-site/versions/c93e10166bf94686/files/d07f1265ca124c583cc5df1eea0d6baf703789e286bd19fcc9d12c0f0c6fec84 [none]
[debug] [2026-02-08T21:20:16.123Z] >>> [apiv2][body] POST https://upload-firebasehosting.googleapis.com/upload/sites/studiovert-site/versions/c93e10166bf94686/files/d07f1265ca124c583cc5df1eea0d6baf703789e286bd19fcc9d12c0f0c6fec84 [stream]
[debug] [2026-02-08T21:20:16.126Z] >>> [apiv2][query] POST https://upload-firebasehosting.googleapis.com/upload/sites/studiovert-site/versions/c93e10166bf94686/files/d8fb3391238ab5ed3769cc109591087e8568f1b807cde1a9188b82cb0721cd2f [none]
[debug] [2026-02-08T21:20:16.126Z] >>> [apiv2][body] POST https://upload-firebasehosting.googleapis.com/upload/sites/studiovert-site/versions/c93e10166bf94686/files/d8fb3391238ab5ed3769cc109591087e8568f1b807cde1a9188b82cb0721cd2f [stream]
[debug] [2026-02-08T21:20:16.128Z] >>> [apiv2][query] POST https://upload-firebasehosting.googleapis.com/upload/sites/studiovert-site/versions/c93e10166bf94686/files/c1aad92a4c187a7d749380bbe538e87a8633d78ee73454181a569c049ad1c293 [none]
[debug] [2026-02-08T21:20:16.129Z] >>> [apiv2][body] POST https://upload-firebasehosting.googleapis.com/upload/sites/studiovert-site/versions/c93e10166bf94686/files/c1aad92a4c187a7d749380bbe538e87a8633d78ee73454181a569c049ad1c293 [stream]
[debug] [2026-02-08T21:20:16.131Z] [hosting][populate queue][FINAL] {"max":558,"min":558,"avg":558,"active":0,"complete":1,"success":1,"errored":0,"retried":0,"total":1,"elapsed":565}
[debug] [2026-02-08T21:20:16.131Z] [hosting] uploads queued: 3
[debug] [2026-02-08T21:20:17.187Z] <<< [apiv2][status] POST https://upload-firebasehosting.googleapis.com/upload/sites/studiovert-site/versions/c93e10166bf94686/files/d07f1265ca124c583cc5df1eea0d6baf703789e286bd19fcc9d12c0f0c6fec84 200
[debug] [2026-02-08T21:20:17.188Z] <<< [apiv2][body] POST https://upload-firebasehosting.googleapis.com/upload/sites/studiovert-site/versions/c93e10166bf94686/files/d07f1265ca124c583cc5df1eea0d6baf703789e286bd19fcc9d12c0f0c6fec84 [stream]
[debug] [2026-02-08T21:20:17.645Z] <<< [apiv2][status] POST https://upload-firebasehosting.googleapis.com/upload/sites/studiovert-site/versions/c93e10166bf94686/files/c1aad92a4c187a7d749380bbe538e87a8633d78ee73454181a569c049ad1c293 200
[debug] [2026-02-08T21:20:17.645Z] <<< [apiv2][body] POST https://upload-firebasehosting.googleapis.com/upload/sites/studiovert-site/versions/c93e10166bf94686/files/c1aad92a4c187a7d749380bbe538e87a8633d78ee73454181a569c049ad1c293 [stream]
[debug] [2026-02-08T21:20:17.928Z] <<< [apiv2][status] POST https://upload-firebasehosting.googleapis.com/upload/sites/studiovert-site/versions/c93e10166bf94686/files/d8fb3391238ab5ed3769cc109591087e8568f1b807cde1a9188b82cb0721cd2f 200
[debug] [2026-02-08T21:20:17.928Z] <<< [apiv2][body] POST https://upload-firebasehosting.googleapis.com/upload/sites/studiovert-site/versions/c93e10166bf94686/files/d8fb3391238ab5ed3769cc109591087e8568f1b807cde1a9188b82cb0721cd2f [stream]
[debug] [2026-02-08T21:20:17.929Z] [hosting][upload queue][FINAL] {"max":1808,"min":1069,"avg":1467,"active":0,"complete":3,"success":3,"errored":0,"retried":0,"total":3,"elapsed":1810}
[info] +  hosting[studiovert-site]: file upload complete 
[debug] [2026-02-08T21:20:17.930Z] [hosting] deploy completed after 2443ms
[debug] [2026-02-08T21:20:17.930Z] [
  {
    "config": {
      "public": "dist/angular-project/browser",
      "ignore": [
        "firebase.json",
        "**/.*",
        "**/node_modules/**"
      ],
      "rewrites": [
        {
          "source": "**",
          "destination": "/index.html"
        }
      ],
      "site": "studiovert-site"
    },
    "version": "projects/923069781119/sites/studiovert-site/versions/c93e10166bf94686"
  }
]
[info] i  hosting[studiovert-site]: finalizing version... 
[debug] [2026-02-08T21:20:17.932Z] Checked if tokens are valid: true, expires at: 1770588403427
[debug] [2026-02-08T21:20:17.933Z] Checked if tokens are valid: true, expires at: 1770588403427
[debug] [2026-02-08T21:20:17.934Z] >>> [apiv2][query] PATCH https://firebasehosting.googleapis.com/v1beta1/projects/-/sites/studiovert-site/versions/c93e10166bf94686 updateMask=status%2Cconfig
[debug] [2026-02-08T21:20:17.934Z] >>> [apiv2][body] PATCH https://firebasehosting.googleapis.com/v1beta1/projects/-/sites/studiovert-site/versions/c93e10166bf94686 {"status":"FINALIZED","config":{"rewrites":[{"glob":"**","path":"/index.html"}]}}
[debug] [2026-02-08T21:20:18.524Z] <<< [apiv2][status] PATCH https://firebasehosting.googleapis.com/v1beta1/projects/-/sites/studiovert-site/versions/c93e10166bf94686 200
[debug] [2026-02-08T21:20:18.524Z] <<< [apiv2][body] PATCH https://firebasehosting.googleapis.com/v1beta1/projects/-/sites/studiovert-site/versions/c93e10166bf94686 {"name":"projects/923069781119/sites/studiovert-site/versions/c93e10166bf94686","status":"FINALIZED","config":{"rewrites":[{"glob":"**","path":"/index.html"}]},"labels":{"deployment-tool":"cli-firebase"},"createTime":"2026-02-08T21:20:15.130672Z","createUser":{"email":"lcouillard.pro@gmail.com"},"finalizeTime":"2026-02-08T21:20:18.539690Z","finalizeUser":{"email":"lcouillard.pro@gmail.com"}}
[debug] [2026-02-08T21:20:18.524Z] [hosting] finalized version for studiovert-site:[object Object]
[info] +  hosting[studiovert-site]: version finalized 
[info] i  hosting[studiovert-site]: releasing new version... 
[debug] [2026-02-08T21:20:18.525Z] Checked if tokens are valid: true, expires at: 1770588403427
[debug] [2026-02-08T21:20:18.525Z] Checked if tokens are valid: true, expires at: 1770588403427
[debug] [2026-02-08T21:20:18.525Z] >>> [apiv2][query] POST https://firebasehosting.googleapis.com/v1beta1/projects/-/sites/studiovert-site/channels/live/releases versionName=projects%2F923069781119%2Fsites%2Fstudiovert-site%2Fversions%2Fc93e10166bf94686
[debug] [2026-02-08T21:20:18.525Z] >>> [apiv2][body] POST https://firebasehosting.googleapis.com/v1beta1/projects/-/sites/studiovert-site/channels/live/releases {}
[debug] [2026-02-08T21:20:19.103Z] <<< [apiv2][status] POST https://firebasehosting.googleapis.com/v1beta1/projects/-/sites/studiovert-site/channels/live/releases 200
[debug] [2026-02-08T21:20:19.104Z] <<< [apiv2][body] POST https://firebasehosting.googleapis.com/v1beta1/projects/-/sites/studiovert-site/channels/live/releases {"name":"projects/923069781119/sites/studiovert-site/channels/live/releases/1770585618500000","version":{"name":"projects/923069781119/sites/studiovert-site/versions/c93e10166bf94686","status":"FINALIZED","config":{"rewrites":[{"glob":"**","path":"/index.html"}]},"labels":{"deployment-tool":"cli-firebase"},"createTime":"2026-02-08T21:20:15.130672Z","createUser":{"email":"lcouillard.pro@gmail.com","imageUrl":"https://lh3.googleusercontent.com/a/ACg8ocJ2O2STk2ARRVaJNquRI1C_uC0xHkYu04rjFVi2HbOLYqaiDg=mo"},"finalizeTime":"2026-02-08T21:20:18.539690Z","finalizeUser":{"email":"lcouillard.pro@gmail.com","imageUrl":"https://lh3.googleusercontent.com/a/ACg8ocJ2O2STk2ARRVaJNquRI1C_uC0xHkYu04rjFVi2HbOLYqaiDg=mo"}},"type":"DEPLOY","releaseTime":"2026-02-08T21:20:18.500Z","releaseUser":{"email":"lcouillard.pro@gmail.com","imageUrl":"https://lh3.googleusercontent.com/a/ACg8ocJ2O2STk2ARRVaJNquRI1C_uC0xHkYu04rjFVi2HbOLYqaiDg=mo"}}
[debug] [2026-02-08T21:20:19.104Z] [hosting] release: {"name":"projects/923069781119/sites/studiovert-site/channels/live/releases/1770585618500000","version":{"name":"projects/923069781119/sites/studiovert-site/versions/c93e10166bf94686","status":"FINALIZED","config":{"rewrites":[{"glob":"**","path":"/index.html"}]},"labels":{"deployment-tool":"cli-firebase"},"createTime":"2026-02-08T21:20:15.130672Z","createUser":{"email":"lcouillard.pro@gmail.com","imageUrl":"https://lh3.googleusercontent.com/a/ACg8ocJ2O2STk2ARRVaJNquRI1C_uC0xHkYu04rjFVi2HbOLYqaiDg=mo"},"finalizeTime":"2026-02-08T21:20:18.539690Z","finalizeUser":{"email":"lcouillard.pro@gmail.com","imageUrl":"https://lh3.googleusercontent.com/a/ACg8ocJ2O2STk2ARRVaJNquRI1C_uC0xHkYu04rjFVi2HbOLYqaiDg=mo"}},"type":"DEPLOY","releaseTime":"2026-02-08T21:20:18.500Z","releaseUser":{"email":"lcouillard.pro@gmail.com","imageUrl":"https://lh3.googleusercontent.com/a/ACg8ocJ2O2STk2ARRVaJNquRI1C_uC0xHkYu04rjFVi2HbOLYqaiDg=mo"}}
[info] +  hosting[studiovert-site]: release complete 
[info] 
[info] +  Deploy complete! 
[info] 
[info] Project Console: https://console.firebase.google.com/project/studiovert-site/overview
[info] Hosting URL: https://studiovert-site.web.app
